<?xml version="1.0" encoding="UTF-8"?>
<!-- Generated by org.testng.reporters.JUnitReportReporter -->
<testsuite hostname="DESKTOP-92UMK2U" failures="0" tests="1" name="Testcase.TC004_VerifyDropDown" time="1.419" errors="0" timestamp="2022-04-06T14:43:57 ALMT" skipped="0">
  <testcase classname="Testcase.TC004_VerifyDropDown" name="DropDown" time="1.419"/>
  <system-out/>
</testsuite> <!-- Testcase.TC004_VerifyDropDown -->
