<?xml version="1.0" encoding="UTF-8"?>
<!-- Generated by org.testng.reporters.JUnitReportReporter -->
<testsuite hostname="DESKTOP-92UMK2U" failures="0" tests="2" name="Testcase.TC002_VerifyPageTitle" time="8.133" errors="0" timestamp="2022-04-12T12:24:50 ALMT" skipped="0">
  <testcase classname="Testcase.TC002_VerifyPageTitle" name="verifyTitle" time="8.125"/>
  <system-out/>
  <testcase classname="Testcase.TC002_VerifyPageTitle" name="IsWebsiteSafe" time="0.008"/>
  <system-out/>
</testsuite> <!-- Testcase.TC002_VerifyPageTitle -->
