<?xml version="1.0" encoding="UTF-8"?>
<!-- Generated by org.testng.reporters.JUnitReportReporter -->
<testsuite hostname="DESKTOP-92UMK2U" failures="0" tests="1" name="Testcase.TC008_DragAndDrop" time="19.657" errors="0" timestamp="2022-04-08T12:16:01 ALMT" skipped="0">
  <testcase classname="Testcase.TC008_DragAndDrop" name="sliderCheck" time="19.657"/>
  <system-out/>
</testsuite> <!-- Testcase.TC008_DragAndDrop -->
