<?xml version="1.0" encoding="UTF-8"?>
<!-- Generated by org.testng.reporters.JUnitReportReporter -->
<testsuite hostname="DESKTOP-92UMK2U" failures="0" tests="1" name="Testcase.TC010_AlertAndPopUp" time="10.413" errors="0" timestamp="2022-04-11T13:16:36 ALMT" skipped="0">
  <testcase classname="Testcase.TC010_AlertAndPopUp" name="alertHandlingCheck" time="10.413"/>
  <system-out/>
</testsuite> <!-- Testcase.TC010_AlertAndPopUp -->
