<?xml version="1.0" encoding="UTF-8"?>
<!-- Generated by org.testng.reporters.JUnitReportReporter -->
<testsuite hostname="DESKTOP-92UMK2U" failures="0" tests="1" name="Testcase.TC004_VerifyDropDown" time="3.112" errors="0" timestamp="2022-04-12T12:24:50 ALMT" skipped="0">
  <testcase classname="Testcase.TC004_VerifyDropDown" name="DropDown" time="3.112"/>
  <system-out/>
</testsuite> <!-- Testcase.TC004_VerifyDropDown -->
