<?xml version="1.0" encoding="UTF-8"?>
<!-- Generated by org.testng.reporters.JUnitReportReporter -->
<testsuite hostname="DESKTOP-92UMK2U" failures="0" tests="1" name="Testcase.TC007_RightContextClick" time="5.631" errors="0" timestamp="2022-04-07T14:28:11 ALMT" skipped="0">
  <testcase classname="Testcase.TC007_RightContextClick" name="doubleClickRightClick" time="5.631"/>
  <system-out/>
</testsuite> <!-- Testcase.TC007_RightContextClick -->
