<?xml version="1.0" encoding="UTF-8"?>
<!-- Generated by org.testng.reporters.JUnitReportReporter -->
<testsuite hostname="DESKTOP-92UMK2U" failures="0" tests="1" name="Testcase.TC006_Scroll" time="15.256" errors="0" timestamp="2022-04-07T12:41:07 ALMT" skipped="0">
  <testcase classname="Testcase.TC006_Scroll" name="scrollCheck" time="15.256"/>
  <system-out/>
</testsuite> <!-- Testcase.TC006_Scroll -->
