<?xml version="1.0" encoding="UTF-8"?>
<!-- Generated by org.testng.reporters.JUnitReportReporter -->
<testsuite hostname="DESKTOP-92UMK2U" failures="0" tests="1" name="Testcase.TC003_VerifyRadioAndCheckbox" time="5.228" errors="0" timestamp="2022-04-06T13:26:49 ALMT" skipped="0">
  <testcase classname="Testcase.TC003_VerifyRadioAndCheckbox" name="CheckboxAndRadioButtonInframe" time="5.228"/>
  <system-out/>
</testsuite> <!-- Testcase.TC003_VerifyRadioAndCheckbox -->
