<?xml version="1.0" encoding="UTF-8"?>
<!-- Generated by org.testng.reporters.JUnitReportReporter -->
<testsuite hostname="DESKTOP-92UMK2U" failures="0" tests="1" name="Testcase.TC005_Refresh" time="5.503" errors="0" timestamp="2022-04-07T11:51:05 ALMT" skipped="0">
  <testcase classname="Testcase.TC005_Refresh" name="refreshPage" time="5.503"/>
  <system-out/>
</testsuite> <!-- Testcase.TC005_Refresh -->
