<?xml version="1.0" encoding="UTF-8"?>
<!-- Generated by org.testng.reporters.JUnitReportReporter -->
<testsuite hostname="DESKTOP-92UMK2U" failures="0" tests="1" name="Testcase.TC009_KeyboardEvent" time="22.621" errors="0" timestamp="2022-04-11T12:59:21 ALMT" skipped="0">
  <testcase classname="Testcase.TC009_KeyboardEvent" name="keyboardEventCheck" time="22.621"/>
  <system-out/>
</testsuite> <!-- Testcase.TC009_KeyboardEvent -->
