<?xml version="1.0" encoding="UTF-8"?>
<!-- Generated by org.testng.reporters.JUnitReportReporter -->
<testsuite hostname="DESKTOP-92UMK2U" failures="0" tests="2" name="Testcase.TC002_VerifyPageTitle" time="14.798" errors="0" timestamp="2022-04-05T16:17:35 ALMT" skipped="0">
  <testcase classname="Testcase.TC002_VerifyPageTitle" name="verifyTitle" time="14.791"/>
  <system-out/>
  <testcase classname="Testcase.TC002_VerifyPageTitle" name="IsWebsiteSafe" time="0.007"/>
  <system-out/>
</testsuite> <!-- Testcase.TC002_VerifyPageTitle -->
